
ROM used:   3577/8192 (44%)
            3604/8192 (44%) including unused fragments

            3.2 Average locations per line
            28.4 Average locations per statement

RAM used:   122/368 (33%) at main() level
            140/368 (38%) worst case

Stack used: 6 worst case (5 in main + 1 for interrupts)
Stack size: 8

Lines Stmts  %   Files
----- ----- ---  -----
  160    58  46  PIDControl.c
  786     0   0  ..\..\..\..\..\..\Program Files (x86)\PICC\Devices\16F887.h
  162    68  54  ..\..\..\..\..\..\Program Files (x86)\PICC\Drivers\lcd420.c
----- -----
 1108   126 Total

Page ROM  %  RAM    Vol Diff  Functions:
---- --- --- ---    --- ----  ----------
0     21   1    1             @delay_ms1
0      8   0    0             @const652
 Inline         3    463  4.3  lcd_read_byte
0     14   0    1    134  2.2  lcd_send_nibble
0     74   2    3    317  4.3  lcd_send_byte
0     58   2    2    422  4.7  lcd_init
0     35   1    3    321  5.5  lcd_gotoxy
0      8   0    0    369  8.0  @goto1402
0     53   1    1    308  5.0  lcd_putc
0     13   0    0     92  3.2  RELOJ
0    420  12    4    410  5.1  PID
0    326   9   16   2268  7.3  @ADDFF
0    119   3   13    158  5.1  @MULFF
0     65   2   10    496  8.2  @FLT
0    204   6   14    333  7.3  @DIVFF
 Inline         4    290  6.0  @SFTOI
1   1298  36   12   1778  6.3  MAIN
0      1   0    0    369  8.0  @const729
0    118   3    4    243  7.0  @PSTRINGC7_674
0     33   1    2    354  9.4  @ITOF
0      5   0    0    396  8.9  @const736
0    122   3    5    274  7.3  @PSTRINGCN7_674
 Inline         5    158  5.1  @FTOSD
0     81   2   13    333  7.0  @DIV3232
1    258   7   13    305  6.5  @PRINTF_L32D_674FPFPF
0     11   0    0    219  5.8  @const747
0      9   0    0    365  8.1  @const748
0     10   0    0    336  7.1  @const749
0    134   4    9    140  5.0  @PRINTF_LD_674
 Inline         0    516  8.6  @cinit1

Program metrics:
    Functions               28
    Statements              126
    Comments                263
    Volume (V)              21656
    Difficulty (D)          173.2
    Effort to implement (E) 3750569
    Time to implement (T)   57 hours, 53 minutes
    Est Delivered Bugs (B)  8
    Cyclomatic Complexity   58
    Maintainability (MI)    62

 Segment     Used  Free
-----------  ----  ----
00000-00003     4  0  
00004-0004E    75  0  
0004F-007FF  1942  27  
00800-00FFF  1556  492  
01000-017FF     0  2048  
01800-01FFF     0  2048  



