
ROM used:   115/8192 (1%)
            115/8192 (1%) including unused fragments

            0.1 Average locations per line
            4.3 Average locations per statement

RAM used:   8/368 (2%) at main() level
            9/368 (2%) worst case

Stack used: 0 worst case (0 in main + 0 for interrupts)
Stack size: 8

Lines Stmts  %   Files
----- ----- ---  -----
   46    27 100  Display7Seg.c
  786     0   0  ..\..\..\..\..\Program Files (x86)\PICC\Devices\16F887.H
----- -----
  832    27 Total

Page ROM  %  RAM    Vol Diff  Functions:
---- --- --- ---    --- ----  ----------
0     21  18    1             @delay_ms1
0     14  12    0             @const645
0     76  66    1    667  5.8  MAIN
 Inline         0             @cinit1

Program metrics:
    Functions               1
    Statements              27
    Comments                141
    Volume (V)              675
    Difficulty (D)          5.4
    Effort to implement (E) 3665
    Time to implement (T)   3 minutes
    Est Delivered Bugs (B)  0
    Cyclomatic Complexity   3
    Maintainability (MI)    61

 Segment     Used  Free
-----------  ----  ----
00000-00003     4  0  
00004-007FF   111  1933  
00800-00FFF     0  2048  
01000-017FF     0  2048  
01800-01FFF     0  2048  



